Determining if the pthread_create exist failed with the following output:
Change Dir: /home/null/ros_ws/ur_robot/src/twist_caller/cmake-build-debug/CMakeFiles/CMakeTmp

Run Build Command:"/usr/bin/make" "cmTC_d69ba/fast"
/usr/bin/make -f CMakeFiles/cmTC_d69ba.dir/build.make CMakeFiles/cmTC_d69ba.dir/build
make[1]: Entering directory '/home/null/ros_ws/ur_robot/src/twist_caller/cmake-build-debug/CMakeFiles/CMakeTmp'
Building C object CMakeFiles/cmTC_d69ba.dir/CheckSymbolExists.c.o
/usr/bin/cc    -o CMakeFiles/cmTC_d69ba.dir/CheckSymbolExists.c.o   -c /home/null/ros_ws/ur_robot/src/twist_caller/cmake-build-debug/CMakeFiles/CMakeTmp/CheckSymbolExists.c
Linking C executable cmTC_d69ba
/home/null/tools/clion-2018.2.3/bin/cmake/linux/bin/cmake -E cmake_link_script CMakeFiles/cmTC_d69ba.dir/link.txt --verbose=1
/usr/bin/cc      -rdynamic CMakeFiles/cmTC_d69ba.dir/CheckSymbolExists.c.o  -o cmTC_d69ba 
CMakeFiles/cmTC_d69ba.dir/CheckSymbolExists.c.o：在函数‘main’中：
CheckSymbolExists.c:(.text+0x16)：对‘pthread_create’未定义的引用
collect2: error: ld returned 1 exit status
CMakeFiles/cmTC_d69ba.dir/build.make:86: recipe for target 'cmTC_d69ba' failed
make[1]: *** [cmTC_d69ba] Error 1
make[1]: Leaving directory '/home/null/ros_ws/ur_robot/src/twist_caller/cmake-build-debug/CMakeFiles/CMakeTmp'
Makefile:121: recipe for target 'cmTC_d69ba/fast' failed
make: *** [cmTC_d69ba/fast] Error 2

File /home/null/ros_ws/ur_robot/src/twist_caller/cmake-build-debug/CMakeFiles/CMakeTmp/CheckSymbolExists.c:
/* */
#include <pthread.h>

int main(int argc, char** argv)
{
  (void)argv;
#ifndef pthread_create
  return ((int*)(&pthread_create))[argc];
#else
  (void)argc;
  return 0;
#endif
}

Determining if the function pthread_create exists in the pthreads failed with the following output:
Change Dir: /home/null/ros_ws/ur_robot/src/twist_caller/cmake-build-debug/CMakeFiles/CMakeTmp

Run Build Command:"/usr/bin/make" "cmTC_88cd0/fast"
/usr/bin/make -f CMakeFiles/cmTC_88cd0.dir/build.make CMakeFiles/cmTC_88cd0.dir/build
make[1]: Entering directory '/home/null/ros_ws/ur_robot/src/twist_caller/cmake-build-debug/CMakeFiles/CMakeTmp'
Building C object CMakeFiles/cmTC_88cd0.dir/CheckFunctionExists.c.o
/usr/bin/cc   -DCHECK_FUNCTION_EXISTS=pthread_create   -o CMakeFiles/cmTC_88cd0.dir/CheckFunctionExists.c.o   -c /home/null/tools/clion-2018.2.3/bin/cmake/linux/share/cmake-3.12/Modules/CheckFunctionExists.c
Linking C executable cmTC_88cd0
/home/null/tools/clion-2018.2.3/bin/cmake/linux/bin/cmake -E cmake_link_script CMakeFiles/cmTC_88cd0.dir/link.txt --verbose=1
/usr/bin/cc  -DCHECK_FUNCTION_EXISTS=pthread_create    -rdynamic CMakeFiles/cmTC_88cd0.dir/CheckFunctionExists.c.o  -o cmTC_88cd0 -lpthreads 
/usr/bin/ld: 找不到 -lpthreads
collect2: error: ld returned 1 exit status
CMakeFiles/cmTC_88cd0.dir/build.make:86: recipe for target 'cmTC_88cd0' failed
make[1]: *** [cmTC_88cd0] Error 1
make[1]: Leaving directory '/home/null/ros_ws/ur_robot/src/twist_caller/cmake-build-debug/CMakeFiles/CMakeTmp'
Makefile:121: recipe for target 'cmTC_88cd0/fast' failed
make: *** [cmTC_88cd0/fast] Error 2


